2024-05-19T21:12:07.931Z  INFO 52 --- [spring_react] [main] c.t.spring_react.SpringReactApplication  : Starting SpringReactApplication using Java 17.0.11 with PID 52 (/app-spring/target/classes started by root in /app-spring)
2024-05-19T21:12:07.933Z  INFO 52 --- [spring_react] [main] c.t.spring_react.SpringReactApplication  : No active profile set, falling back to 1 default profile: "default"
2024-05-19T21:12:08.414Z  INFO 52 --- [spring_react] [main] .s.d.r.c.RepositoryConfigurationDelegate : Bootstrapping Spring Data JPA repositories in DEFAULT mode.
2024-05-19T21:12:08.462Z  INFO 52 --- [spring_react] [main] .s.d.r.c.RepositoryConfigurationDelegate : Finished Spring Data repository scanning in 41 ms. Found 2 JPA repository interfaces.
2024-05-19T21:12:08.952Z  INFO 52 --- [spring_react] [main] o.s.b.w.embedded.tomcat.TomcatWebServer  : Tomcat initialized with port 8080 (http)
2024-05-19T21:12:08.963Z  INFO 52 --- [spring_react] [main] o.apache.catalina.core.StandardService   : Starting service [Tomcat]
2024-05-19T21:12:08.963Z  INFO 52 --- [spring_react] [main] o.apache.catalina.core.StandardEngine    : Starting Servlet engine: [Apache Tomcat/10.1.20]
2024-05-19T21:12:09.009Z  INFO 52 --- [spring_react] [main] o.a.c.c.C.[Tomcat].[localhost].[/]       : Initializing Spring embedded WebApplicationContext
2024-05-19T21:12:09.009Z  INFO 52 --- [spring_react] [main] w.s.c.ServletWebServerApplicationContext : Root WebApplicationContext: initialization completed in 1038 ms
2024-05-19T21:12:09.035Z  INFO 52 --- [spring_react] [main] com.zaxxer.hikari.HikariDataSource       : HikariPool-1 - Starting...
2024-05-19T21:12:09.198Z  INFO 52 --- [spring_react] [main] com.zaxxer.hikari.pool.HikariPool        : HikariPool-1 - Added connection conn0: url=jdbc:h2:file:/data/spreact_db user=ADMIN
2024-05-19T21:12:09.199Z  INFO 52 --- [spring_react] [main] com.zaxxer.hikari.HikariDataSource       : HikariPool-1 - Start completed.
2024-05-19T21:12:09.208Z  INFO 52 --- [spring_react] [main] o.s.b.a.h2.H2ConsoleAutoConfiguration    : H2 console available at '/h2-ui'. Database available at 'jdbc:h2:file:/data/spreact_db'
2024-05-19T21:12:09.287Z  INFO 52 --- [spring_react] [main] o.hibernate.jpa.internal.util.LogHelper  : HHH000204: Processing PersistenceUnitInfo [name: default]
2024-05-19T21:12:09.337Z  INFO 52 --- [spring_react] [main] org.hibernate.Version                    : HHH000412: Hibernate ORM core version 6.4.4.Final
2024-05-19T21:12:09.363Z  INFO 52 --- [spring_react] [main] o.h.c.internal.RegionFactoryInitiator    : HHH000026: Second-level cache disabled
2024-05-19T21:12:09.541Z  INFO 52 --- [spring_react] [main] o.s.o.j.p.SpringPersistenceUnitInfo      : No LoadTimeWeaver setup: ignoring JPA class transformer
2024-05-19T21:12:09.576Z  WARN 52 --- [spring_react] [main] org.hibernate.orm.deprecation            : HHH90000025: H2Dialect does not need to be specified explicitly using 'hibernate.dialect' (remove the property setting and it will be selected by default)
2024-05-19T21:12:10.285Z  INFO 52 --- [spring_react] [main] o.h.e.t.j.p.i.JtaPlatformInitiator       : HHH000489: No JTA platform available (set 'hibernate.transaction.jta.platform' to enable JTA platform integration)
2024-05-19T21:12:10.335Z  INFO 52 --- [spring_react] [main] j.LocalContainerEntityManagerFactoryBean : Initialized JPA EntityManagerFactory for persistence unit 'default'
2024-05-19T21:12:10.715Z  WARN 52 --- [spring_react] [main] JpaBaseConfiguration$JpaWebConfiguration : spring.jpa.open-in-view is enabled by default. Therefore, database queries may be performed during view rendering. Explicitly configure spring.jpa.open-in-view to disable this warning
2024-05-19T21:12:10.979Z  INFO 52 --- [spring_react] [main] o.s.s.web.DefaultSecurityFilterChain     : Will secure any request with [org.springframework.security.web.session.DisableEncodeUrlFilter@52a9db63, org.springframework.security.web.context.request.async.WebAsyncManagerIntegrationFilter@402d76c7, org.springframework.security.web.context.SecurityContextHolderFilter@749ffdc7, org.springframework.security.web.header.HeaderWriterFilter@36696821, org.springframework.web.filter.CorsFilter@27adb90f, org.springframework.security.web.authentication.logout.LogoutFilter@32eb38e5, com.tutorials.spring_react.security.AuthTokenFilter@135a8808, org.springframework.security.web.savedrequest.RequestCacheAwareFilter@17554316, org.springframework.security.web.servletapi.SecurityContextHolderAwareRequestFilter@518b0c12, org.springframework.security.web.authentication.AnonymousAuthenticationFilter@1fd77205, org.springframework.security.web.session.SessionManagementFilter@4f6a5cc9, org.springframework.security.web.access.ExceptionTranslationFilter@39921410, org.springframework.security.web.access.intercept.AuthorizationFilter@779cb140]
2024-05-19T21:12:11.204Z  INFO 52 --- [spring_react] [main] o.s.b.w.embedded.tomcat.TomcatWebServer  : Tomcat started on port 8080 (http) with context path ''
2024-05-19T21:12:11.211Z  INFO 52 --- [spring_react] [main] c.t.spring_react.SpringReactApplication  : Started SpringReactApplication in 3.606 seconds (process running for 3.831)
2024-05-19T21:13:04.273Z  INFO 52 --- [spring_react] [SpringApplicationShutdownHook] j.LocalContainerEntityManagerFactoryBean : Closing JPA EntityManagerFactory for persistence unit 'default'
2024-05-19T21:13:04.275Z  INFO 52 --- [spring_react] [SpringApplicationShutdownHook] com.zaxxer.hikari.HikariDataSource       : HikariPool-1 - Shutdown initiated...
2024-05-19T21:13:04.277Z  INFO 52 --- [spring_react] [SpringApplicationShutdownHook] com.zaxxer.hikari.HikariDataSource       : HikariPool-1 - Shutdown completed.
2024-05-19T21:13:22.782Z  INFO 41 --- [spring_react] [main] c.t.spring_react.SpringReactApplication  : Starting SpringReactApplication using Java 17.0.11 with PID 41 (/app-spring/target/classes started by root in /app-spring)
2024-05-19T21:13:22.785Z  INFO 41 --- [spring_react] [main] c.t.spring_react.SpringReactApplication  : No active profile set, falling back to 1 default profile: "default"
2024-05-19T21:13:23.271Z  INFO 41 --- [spring_react] [main] .s.d.r.c.RepositoryConfigurationDelegate : Bootstrapping Spring Data JPA repositories in DEFAULT mode.
2024-05-19T21:13:23.318Z  INFO 41 --- [spring_react] [main] .s.d.r.c.RepositoryConfigurationDelegate : Finished Spring Data repository scanning in 40 ms. Found 2 JPA repository interfaces.
2024-05-19T21:13:23.782Z  INFO 41 --- [spring_react] [main] o.s.b.w.embedded.tomcat.TomcatWebServer  : Tomcat initialized with port 8080 (http)
2024-05-19T21:13:23.791Z  INFO 41 --- [spring_react] [main] o.apache.catalina.core.StandardService   : Starting service [Tomcat]
2024-05-19T21:13:23.791Z  INFO 41 --- [spring_react] [main] o.apache.catalina.core.StandardEngine    : Starting Servlet engine: [Apache Tomcat/10.1.20]
2024-05-19T21:13:23.839Z  INFO 41 --- [spring_react] [main] o.a.c.c.C.[Tomcat].[localhost].[/]       : Initializing Spring embedded WebApplicationContext
2024-05-19T21:13:23.839Z  INFO 41 --- [spring_react] [main] w.s.c.ServletWebServerApplicationContext : Root WebApplicationContext: initialization completed in 1012 ms
2024-05-19T21:13:23.864Z  INFO 41 --- [spring_react] [main] com.zaxxer.hikari.HikariDataSource       : HikariPool-1 - Starting...
2024-05-19T21:13:24.019Z  INFO 41 --- [spring_react] [main] com.zaxxer.hikari.pool.HikariPool        : HikariPool-1 - Added connection conn0: url=jdbc:h2:file:/data/spreact_db user=ADMIN
2024-05-19T21:13:24.020Z  INFO 41 --- [spring_react] [main] com.zaxxer.hikari.HikariDataSource       : HikariPool-1 - Start completed.
2024-05-19T21:13:24.029Z  INFO 41 --- [spring_react] [main] o.s.b.a.h2.H2ConsoleAutoConfiguration    : H2 console available at '/h2-ui'. Database available at 'jdbc:h2:file:/data/spreact_db'
2024-05-19T21:13:24.115Z  INFO 41 --- [spring_react] [main] o.hibernate.jpa.internal.util.LogHelper  : HHH000204: Processing PersistenceUnitInfo [name: default]
2024-05-19T21:13:24.156Z  INFO 41 --- [spring_react] [main] org.hibernate.Version                    : HHH000412: Hibernate ORM core version 6.4.4.Final
2024-05-19T21:13:24.181Z  INFO 41 --- [spring_react] [main] o.h.c.internal.RegionFactoryInitiator    : HHH000026: Second-level cache disabled
2024-05-19T21:13:24.354Z  INFO 41 --- [spring_react] [main] o.s.o.j.p.SpringPersistenceUnitInfo      : No LoadTimeWeaver setup: ignoring JPA class transformer
2024-05-19T21:13:24.388Z  WARN 41 --- [spring_react] [main] org.hibernate.orm.deprecation            : HHH90000025: H2Dialect does not need to be specified explicitly using 'hibernate.dialect' (remove the property setting and it will be selected by default)
2024-05-19T21:13:25.087Z  INFO 41 --- [spring_react] [main] o.h.e.t.j.p.i.JtaPlatformInitiator       : HHH000489: No JTA platform available (set 'hibernate.transaction.jta.platform' to enable JTA platform integration)
2024-05-19T21:13:25.134Z  INFO 41 --- [spring_react] [main] j.LocalContainerEntityManagerFactoryBean : Initialized JPA EntityManagerFactory for persistence unit 'default'
2024-05-19T21:13:25.479Z  WARN 41 --- [spring_react] [main] JpaBaseConfiguration$JpaWebConfiguration : spring.jpa.open-in-view is enabled by default. Therefore, database queries may be performed during view rendering. Explicitly configure spring.jpa.open-in-view to disable this warning
2024-05-19T21:13:25.710Z  INFO 41 --- [spring_react] [main] o.s.s.web.DefaultSecurityFilterChain     : Will secure any request with [org.springframework.security.web.session.DisableEncodeUrlFilter@52a9db63, org.springframework.security.web.context.request.async.WebAsyncManagerIntegrationFilter@402d76c7, org.springframework.security.web.context.SecurityContextHolderFilter@749ffdc7, org.springframework.security.web.header.HeaderWriterFilter@36696821, org.springframework.web.filter.CorsFilter@27adb90f, org.springframework.security.web.authentication.logout.LogoutFilter@32eb38e5, com.tutorials.spring_react.security.AuthTokenFilter@135a8808, org.springframework.security.web.savedrequest.RequestCacheAwareFilter@17554316, org.springframework.security.web.servletapi.SecurityContextHolderAwareRequestFilter@518b0c12, org.springframework.security.web.authentication.AnonymousAuthenticationFilter@1fd77205, org.springframework.security.web.session.SessionManagementFilter@4f6a5cc9, org.springframework.security.web.access.ExceptionTranslationFilter@39921410, org.springframework.security.web.access.intercept.AuthorizationFilter@779cb140]
2024-05-19T21:13:25.912Z  INFO 41 --- [spring_react] [main] o.s.b.w.embedded.tomcat.TomcatWebServer  : Tomcat started on port 8080 (http) with context path ''
2024-05-19T21:13:25.920Z  INFO 41 --- [spring_react] [main] c.t.spring_react.SpringReactApplication  : Started SpringReactApplication in 3.461 seconds (process running for 3.68)
2024-05-19T21:13:44.309Z  INFO 41 --- [spring_react] [SpringApplicationShutdownHook] j.LocalContainerEntityManagerFactoryBean : Closing JPA EntityManagerFactory for persistence unit 'default'
2024-05-19T21:13:44.311Z  INFO 41 --- [spring_react] [SpringApplicationShutdownHook] com.zaxxer.hikari.HikariDataSource       : HikariPool-1 - Shutdown initiated...
2024-05-19T21:13:44.313Z  INFO 41 --- [spring_react] [SpringApplicationShutdownHook] com.zaxxer.hikari.HikariDataSource       : HikariPool-1 - Shutdown completed.
2024-05-19T21:14:01.599Z  INFO 41 --- [spring_react] [main] c.t.spring_react.SpringReactApplication  : Starting SpringReactApplication using Java 17.0.11 with PID 41 (/app-spring/target/classes started by root in /app-spring)
2024-05-19T21:14:01.601Z  INFO 41 --- [spring_react] [main] c.t.spring_react.SpringReactApplication  : No active profile set, falling back to 1 default profile: "default"
2024-05-19T21:14:02.098Z  INFO 41 --- [spring_react] [main] .s.d.r.c.RepositoryConfigurationDelegate : Bootstrapping Spring Data JPA repositories in DEFAULT mode.
2024-05-19T21:14:02.143Z  INFO 41 --- [spring_react] [main] .s.d.r.c.RepositoryConfigurationDelegate : Finished Spring Data repository scanning in 39 ms. Found 2 JPA repository interfaces.
2024-05-19T21:14:02.644Z  INFO 41 --- [spring_react] [main] o.s.b.w.embedded.tomcat.TomcatWebServer  : Tomcat initialized with port 8080 (http)
2024-05-19T21:14:02.653Z  INFO 41 --- [spring_react] [main] o.apache.catalina.core.StandardService   : Starting service [Tomcat]
2024-05-19T21:14:02.653Z  INFO 41 --- [spring_react] [main] o.apache.catalina.core.StandardEngine    : Starting Servlet engine: [Apache Tomcat/10.1.20]
2024-05-19T21:14:02.691Z  INFO 41 --- [spring_react] [main] o.a.c.c.C.[Tomcat].[localhost].[/]       : Initializing Spring embedded WebApplicationContext
2024-05-19T21:14:02.692Z  INFO 41 --- [spring_react] [main] w.s.c.ServletWebServerApplicationContext : Root WebApplicationContext: initialization completed in 1052 ms
2024-05-19T21:14:02.720Z  INFO 41 --- [spring_react] [main] com.zaxxer.hikari.HikariDataSource       : HikariPool-1 - Starting...
2024-05-19T21:14:02.919Z  INFO 41 --- [spring_react] [main] com.zaxxer.hikari.pool.HikariPool        : HikariPool-1 - Added connection conn0: url=jdbc:h2:file:/data/spreact_db user=ADMIN
2024-05-19T21:14:02.922Z  INFO 41 --- [spring_react] [main] com.zaxxer.hikari.HikariDataSource       : HikariPool-1 - Start completed.
2024-05-19T21:14:02.937Z  INFO 41 --- [spring_react] [main] o.s.b.a.h2.H2ConsoleAutoConfiguration    : H2 console available at '/h2-ui'. Database available at 'jdbc:h2:file:/data/spreact_db'
2024-05-19T21:14:03.037Z  INFO 41 --- [spring_react] [main] o.hibernate.jpa.internal.util.LogHelper  : HHH000204: Processing PersistenceUnitInfo [name: default]
2024-05-19T21:14:03.087Z  INFO 41 --- [spring_react] [main] org.hibernate.Version                    : HHH000412: Hibernate ORM core version 6.4.4.Final
2024-05-19T21:14:03.113Z  INFO 41 --- [spring_react] [main] o.h.c.internal.RegionFactoryInitiator    : HHH000026: Second-level cache disabled
2024-05-19T21:14:03.283Z  INFO 41 --- [spring_react] [main] o.s.o.j.p.SpringPersistenceUnitInfo      : No LoadTimeWeaver setup: ignoring JPA class transformer
2024-05-19T21:14:03.315Z  WARN 41 --- [spring_react] [main] org.hibernate.orm.deprecation            : HHH90000025: H2Dialect does not need to be specified explicitly using 'hibernate.dialect' (remove the property setting and it will be selected by default)
2024-05-19T21:14:04.038Z  INFO 41 --- [spring_react] [main] o.h.e.t.j.p.i.JtaPlatformInitiator       : HHH000489: No JTA platform available (set 'hibernate.transaction.jta.platform' to enable JTA platform integration)
2024-05-19T21:14:04.091Z  INFO 41 --- [spring_react] [main] j.LocalContainerEntityManagerFactoryBean : Initialized JPA EntityManagerFactory for persistence unit 'default'
2024-05-19T21:14:04.465Z  WARN 41 --- [spring_react] [main] JpaBaseConfiguration$JpaWebConfiguration : spring.jpa.open-in-view is enabled by default. Therefore, database queries may be performed during view rendering. Explicitly configure spring.jpa.open-in-view to disable this warning
2024-05-19T21:14:04.714Z  INFO 41 --- [spring_react] [main] o.s.s.web.DefaultSecurityFilterChain     : Will secure any request with [org.springframework.security.web.session.DisableEncodeUrlFilter@70a91d72, org.springframework.security.web.context.request.async.WebAsyncManagerIntegrationFilter@52a9db63, org.springframework.security.web.context.SecurityContextHolderFilter@4ef10d3b, org.springframework.security.web.header.HeaderWriterFilter@71e55e48, org.springframework.web.filter.CorsFilter@402d76c7, org.springframework.security.web.authentication.logout.LogoutFilter@325236f5, com.tutorials.spring_react.security.AuthTokenFilter@2d94279f, org.springframework.security.web.savedrequest.RequestCacheAwareFilter@690e7b89, org.springframework.security.web.servletapi.SecurityContextHolderAwareRequestFilter@17554316, org.springframework.security.web.authentication.AnonymousAuthenticationFilter@27adb90f, org.springframework.security.web.session.SessionManagementFilter@7878459f, org.springframework.security.web.access.ExceptionTranslationFilter@90c01ab, org.springframework.security.web.access.intercept.AuthorizationFilter@ef59aee]
2024-05-19T21:14:04.930Z  INFO 41 --- [spring_react] [main] o.s.b.w.embedded.tomcat.TomcatWebServer  : Tomcat started on port 8080 (http) with context path ''
2024-05-19T21:14:04.938Z  INFO 41 --- [spring_react] [main] c.t.spring_react.SpringReactApplication  : Started SpringReactApplication in 3.653 seconds (process running for 3.885)
2024-05-19T21:14:31.011Z  INFO 41 --- [spring_react] [SpringApplicationShutdownHook] j.LocalContainerEntityManagerFactoryBean : Closing JPA EntityManagerFactory for persistence unit 'default'
2024-05-19T21:14:31.013Z  INFO 41 --- [spring_react] [SpringApplicationShutdownHook] com.zaxxer.hikari.HikariDataSource       : HikariPool-1 - Shutdown initiated...
2024-05-19T21:14:31.015Z  INFO 41 --- [spring_react] [SpringApplicationShutdownHook] com.zaxxer.hikari.HikariDataSource       : HikariPool-1 - Shutdown completed.
2024-05-19T21:14:49.284Z  INFO 41 --- [spring_react] [main] c.t.spring_react.SpringReactApplication  : Starting SpringReactApplication using Java 17.0.11 with PID 41 (/app-spring/target/classes started by root in /app-spring)
2024-05-19T21:14:49.285Z  INFO 41 --- [spring_react] [main] c.t.spring_react.SpringReactApplication  : No active profile set, falling back to 1 default profile: "default"
2024-05-19T21:14:49.764Z  INFO 41 --- [spring_react] [main] .s.d.r.c.RepositoryConfigurationDelegate : Bootstrapping Spring Data JPA repositories in DEFAULT mode.
2024-05-19T21:14:49.811Z  INFO 41 --- [spring_react] [main] .s.d.r.c.RepositoryConfigurationDelegate : Finished Spring Data repository scanning in 40 ms. Found 2 JPA repository interfaces.
2024-05-19T21:14:50.291Z  INFO 41 --- [spring_react] [main] o.s.b.w.embedded.tomcat.TomcatWebServer  : Tomcat initialized with port 8080 (http)
2024-05-19T21:14:50.300Z  INFO 41 --- [spring_react] [main] o.apache.catalina.core.StandardService   : Starting service [Tomcat]
2024-05-19T21:14:50.300Z  INFO 41 --- [spring_react] [main] o.apache.catalina.core.StandardEngine    : Starting Servlet engine: [Apache Tomcat/10.1.20]
2024-05-19T21:14:50.349Z  INFO 41 --- [spring_react] [main] o.a.c.c.C.[Tomcat].[localhost].[/]       : Initializing Spring embedded WebApplicationContext
2024-05-19T21:14:50.350Z  INFO 41 --- [spring_react] [main] w.s.c.ServletWebServerApplicationContext : Root WebApplicationContext: initialization completed in 1027 ms
2024-05-19T21:14:50.375Z  INFO 41 --- [spring_react] [main] com.zaxxer.hikari.HikariDataSource       : HikariPool-1 - Starting...
2024-05-19T21:14:50.530Z  INFO 41 --- [spring_react] [main] com.zaxxer.hikari.pool.HikariPool        : HikariPool-1 - Added connection conn0: url=jdbc:h2:file:/data/spreact_db user=ADMIN
2024-05-19T21:14:50.531Z  INFO 41 --- [spring_react] [main] com.zaxxer.hikari.HikariDataSource       : HikariPool-1 - Start completed.
2024-05-19T21:14:50.540Z  INFO 41 --- [spring_react] [main] o.s.b.a.h2.H2ConsoleAutoConfiguration    : H2 console available at '/h2-ui'. Database available at 'jdbc:h2:file:/data/spreact_db'
2024-05-19T21:14:50.629Z  INFO 41 --- [spring_react] [main] o.hibernate.jpa.internal.util.LogHelper  : HHH000204: Processing PersistenceUnitInfo [name: default]
2024-05-19T21:14:50.667Z  INFO 41 --- [spring_react] [main] org.hibernate.Version                    : HHH000412: Hibernate ORM core version 6.4.4.Final
2024-05-19T21:14:50.692Z  INFO 41 --- [spring_react] [main] o.h.c.internal.RegionFactoryInitiator    : HHH000026: Second-level cache disabled
2024-05-19T21:14:50.861Z  INFO 41 --- [spring_react] [main] o.s.o.j.p.SpringPersistenceUnitInfo      : No LoadTimeWeaver setup: ignoring JPA class transformer
2024-05-19T21:14:50.895Z  WARN 41 --- [spring_react] [main] org.hibernate.orm.deprecation            : HHH90000025: H2Dialect does not need to be specified explicitly using 'hibernate.dialect' (remove the property setting and it will be selected by default)
2024-05-19T21:14:51.598Z  INFO 41 --- [spring_react] [main] o.h.e.t.j.p.i.JtaPlatformInitiator       : HHH000489: No JTA platform available (set 'hibernate.transaction.jta.platform' to enable JTA platform integration)
2024-05-19T21:14:51.648Z  INFO 41 --- [spring_react] [main] j.LocalContainerEntityManagerFactoryBean : Initialized JPA EntityManagerFactory for persistence unit 'default'
2024-05-19T21:14:52.007Z  WARN 41 --- [spring_react] [main] JpaBaseConfiguration$JpaWebConfiguration : spring.jpa.open-in-view is enabled by default. Therefore, database queries may be performed during view rendering. Explicitly configure spring.jpa.open-in-view to disable this warning
2024-05-19T21:14:52.248Z  INFO 41 --- [spring_react] [main] o.s.s.web.DefaultSecurityFilterChain     : Will secure any request with [org.springframework.security.web.session.DisableEncodeUrlFilter@779cb140, org.springframework.security.web.context.request.async.WebAsyncManagerIntegrationFilter@45a4587d, org.springframework.security.web.context.SecurityContextHolderFilter@4f6a5cc9, org.springframework.security.web.header.HeaderWriterFilter@90c01ab, org.springframework.web.filter.CorsFilter@70a91d72, org.springframework.security.web.authentication.logout.LogoutFilter@7ca7bddd, com.tutorials.spring_react.security.AuthTokenFilter@70869678, org.springframework.security.web.savedrequest.RequestCacheAwareFilter@4ef10d3b, org.springframework.security.web.servletapi.SecurityContextHolderAwareRequestFilter@749ffdc7, org.springframework.security.web.authentication.AnonymousAuthenticationFilter@52a9db63, org.springframework.security.web.session.SessionManagementFilter@dd3e1e3, org.springframework.security.web.access.ExceptionTranslationFilter@112b3298, org.springframework.security.web.access.intercept.AuthorizationFilter@92775a3]
2024-05-19T21:14:52.460Z  INFO 41 --- [spring_react] [main] o.s.b.w.embedded.tomcat.TomcatWebServer  : Tomcat started on port 8080 (http) with context path ''
2024-05-19T21:14:52.468Z  INFO 41 --- [spring_react] [main] c.t.spring_react.SpringReactApplication  : Started SpringReactApplication in 3.502 seconds (process running for 3.729)
2024-05-19T21:15:45.579Z  INFO 41 --- [spring_react] [SpringApplicationShutdownHook] j.LocalContainerEntityManagerFactoryBean : Closing JPA EntityManagerFactory for persistence unit 'default'
2024-05-19T21:15:45.581Z  INFO 41 --- [spring_react] [SpringApplicationShutdownHook] com.zaxxer.hikari.HikariDataSource       : HikariPool-1 - Shutdown initiated...
2024-05-19T21:15:45.583Z  INFO 41 --- [spring_react] [SpringApplicationShutdownHook] com.zaxxer.hikari.HikariDataSource       : HikariPool-1 - Shutdown completed.
2024-05-19T21:16:09.613Z  INFO 44 --- [spring_react] [main] c.t.spring_react.SpringReactApplication  : Starting SpringReactApplication using Java 17.0.11 with PID 44 (/app-spring/target/classes started by root in /app-spring)
2024-05-19T21:16:09.615Z  INFO 44 --- [spring_react] [main] c.t.spring_react.SpringReactApplication  : No active profile set, falling back to 1 default profile: "default"
2024-05-19T21:16:10.076Z  INFO 44 --- [spring_react] [main] .s.d.r.c.RepositoryConfigurationDelegate : Bootstrapping Spring Data JPA repositories in DEFAULT mode.
2024-05-19T21:16:10.122Z  INFO 44 --- [spring_react] [main] .s.d.r.c.RepositoryConfigurationDelegate : Finished Spring Data repository scanning in 39 ms. Found 2 JPA repository interfaces.
2024-05-19T21:16:10.563Z  INFO 44 --- [spring_react] [main] o.s.b.w.embedded.tomcat.TomcatWebServer  : Tomcat initialized with port 8080 (http)
2024-05-19T21:16:10.572Z  INFO 44 --- [spring_react] [main] o.apache.catalina.core.StandardService   : Starting service [Tomcat]
2024-05-19T21:16:10.572Z  INFO 44 --- [spring_react] [main] o.apache.catalina.core.StandardEngine    : Starting Servlet engine: [Apache Tomcat/10.1.20]
2024-05-19T21:16:10.618Z  INFO 44 --- [spring_react] [main] o.a.c.c.C.[Tomcat].[localhost].[/]       : Initializing Spring embedded WebApplicationContext
2024-05-19T21:16:10.618Z  INFO 44 --- [spring_react] [main] w.s.c.ServletWebServerApplicationContext : Root WebApplicationContext: initialization completed in 966 ms
2024-05-19T21:16:10.643Z  INFO 44 --- [spring_react] [main] com.zaxxer.hikari.HikariDataSource       : HikariPool-1 - Starting...
2024-05-19T21:16:10.798Z  INFO 44 --- [spring_react] [main] com.zaxxer.hikari.pool.HikariPool        : HikariPool-1 - Added connection conn0: url=jdbc:h2:file:/data/spreact_db user=ADMIN
2024-05-19T21:16:10.799Z  INFO 44 --- [spring_react] [main] com.zaxxer.hikari.HikariDataSource       : HikariPool-1 - Start completed.
2024-05-19T21:16:10.808Z  INFO 44 --- [spring_react] [main] o.s.b.a.h2.H2ConsoleAutoConfiguration    : H2 console available at '/h2-ui'. Database available at 'jdbc:h2:file:/data/spreact_db'
2024-05-19T21:16:10.894Z  INFO 44 --- [spring_react] [main] o.hibernate.jpa.internal.util.LogHelper  : HHH000204: Processing PersistenceUnitInfo [name: default]
2024-05-19T21:16:10.932Z  INFO 44 --- [spring_react] [main] org.hibernate.Version                    : HHH000412: Hibernate ORM core version 6.4.4.Final
2024-05-19T21:16:10.956Z  INFO 44 --- [spring_react] [main] o.h.c.internal.RegionFactoryInitiator    : HHH000026: Second-level cache disabled
2024-05-19T21:16:11.131Z  INFO 44 --- [spring_react] [main] o.s.o.j.p.SpringPersistenceUnitInfo      : No LoadTimeWeaver setup: ignoring JPA class transformer
2024-05-19T21:16:11.165Z  WARN 44 --- [spring_react] [main] org.hibernate.orm.deprecation            : HHH90000025: H2Dialect does not need to be specified explicitly using 'hibernate.dialect' (remove the property setting and it will be selected by default)
2024-05-19T21:16:11.850Z  INFO 44 --- [spring_react] [main] o.h.e.t.j.p.i.JtaPlatformInitiator       : HHH000489: No JTA platform available (set 'hibernate.transaction.jta.platform' to enable JTA platform integration)
2024-05-19T21:16:11.898Z  INFO 44 --- [spring_react] [main] j.LocalContainerEntityManagerFactoryBean : Initialized JPA EntityManagerFactory for persistence unit 'default'
2024-05-19T21:16:12.248Z  WARN 44 --- [spring_react] [main] JpaBaseConfiguration$JpaWebConfiguration : spring.jpa.open-in-view is enabled by default. Therefore, database queries may be performed during view rendering. Explicitly configure spring.jpa.open-in-view to disable this warning
2024-05-19T21:16:12.486Z  INFO 44 --- [spring_react] [main] o.s.s.web.DefaultSecurityFilterChain     : Will secure any request with [org.springframework.security.web.session.DisableEncodeUrlFilter@3b9c05f, org.springframework.security.web.context.request.async.WebAsyncManagerIntegrationFilter@288915a1, org.springframework.security.web.context.SecurityContextHolderFilter@5af1b221, org.springframework.security.web.header.HeaderWriterFilter@5003c114, org.springframework.web.filter.CorsFilter@62a6a47e, org.springframework.security.web.authentication.logout.LogoutFilter@69d2c460, com.tutorials.spring_react.security.AuthTokenFilter@1a48a582, org.springframework.security.web.savedrequest.RequestCacheAwareFilter@7d49fe37, org.springframework.security.web.servletapi.SecurityContextHolderAwareRequestFilter@74ab8610, org.springframework.security.web.authentication.AnonymousAuthenticationFilter@4645a575, org.springframework.security.web.session.SessionManagementFilter@690e7b89, org.springframework.security.web.access.ExceptionTranslationFilter@769a9b7a, org.springframework.security.web.access.intercept.AuthorizationFilter@402d76c7]
2024-05-19T21:16:12.698Z  INFO 44 --- [spring_react] [main] o.s.b.w.embedded.tomcat.TomcatWebServer  : Tomcat started on port 8080 (http) with context path ''
2024-05-19T21:16:12.705Z  INFO 44 --- [spring_react] [main] c.t.spring_react.SpringReactApplication  : Started SpringReactApplication in 3.412 seconds (process running for 3.688)
2024-05-19T21:17:59.216Z  INFO 44 --- [spring_react] [http-nio-8080-exec-2] o.a.c.c.C.[Tomcat].[localhost].[/]       : Initializing Spring DispatcherServlet 'dispatcherServlet'
2024-05-19T21:17:59.216Z  INFO 44 --- [spring_react] [http-nio-8080-exec-2] o.s.web.servlet.DispatcherServlet        : Initializing Servlet 'dispatcherServlet'
2024-05-19T21:17:59.217Z  INFO 44 --- [spring_react] [http-nio-8080-exec-2] o.s.web.servlet.DispatcherServlet        : Completed initialization in 1 ms
2024-05-19T21:20:05.590Z  INFO 44 --- [spring_react] [SpringApplicationShutdownHook] j.LocalContainerEntityManagerFactoryBean : Closing JPA EntityManagerFactory for persistence unit 'default'
2024-05-19T21:20:05.592Z  INFO 44 --- [spring_react] [SpringApplicationShutdownHook] com.zaxxer.hikari.HikariDataSource       : HikariPool-1 - Shutdown initiated...
2024-05-19T21:20:05.594Z  INFO 44 --- [spring_react] [SpringApplicationShutdownHook] com.zaxxer.hikari.HikariDataSource       : HikariPool-1 - Shutdown completed.
2024-05-19T21:20:11.705Z  INFO 44 --- [spring_react] [main] c.t.spring_react.SpringReactApplication  : Starting SpringReactApplication using Java 17.0.11 with PID 44 (/app-spring/target/classes started by root in /app-spring)
2024-05-19T21:20:11.707Z  INFO 44 --- [spring_react] [main] c.t.spring_react.SpringReactApplication  : No active profile set, falling back to 1 default profile: "default"
2024-05-19T21:20:12.232Z  INFO 44 --- [spring_react] [main] .s.d.r.c.RepositoryConfigurationDelegate : Bootstrapping Spring Data JPA repositories in DEFAULT mode.
2024-05-19T21:20:12.281Z  INFO 44 --- [spring_react] [main] .s.d.r.c.RepositoryConfigurationDelegate : Finished Spring Data repository scanning in 43 ms. Found 2 JPA repository interfaces.
2024-05-19T21:20:12.780Z  INFO 44 --- [spring_react] [main] o.s.b.w.embedded.tomcat.TomcatWebServer  : Tomcat initialized with port 8080 (http)
2024-05-19T21:20:12.799Z  INFO 44 --- [spring_react] [main] o.apache.catalina.core.StandardService   : Starting service [Tomcat]
2024-05-19T21:20:12.800Z  INFO 44 --- [spring_react] [main] o.apache.catalina.core.StandardEngine    : Starting Servlet engine: [Apache Tomcat/10.1.20]
2024-05-19T21:20:12.840Z  INFO 44 --- [spring_react] [main] o.a.c.c.C.[Tomcat].[localhost].[/]       : Initializing Spring embedded WebApplicationContext
2024-05-19T21:20:12.840Z  INFO 44 --- [spring_react] [main] w.s.c.ServletWebServerApplicationContext : Root WebApplicationContext: initialization completed in 1089 ms
2024-05-19T21:20:12.867Z  INFO 44 --- [spring_react] [main] com.zaxxer.hikari.HikariDataSource       : HikariPool-1 - Starting...
2024-05-19T21:20:13.030Z  INFO 44 --- [spring_react] [main] com.zaxxer.hikari.pool.HikariPool        : HikariPool-1 - Added connection conn0: url=jdbc:h2:file:/data/spreact_db user=ADMIN
2024-05-19T21:20:13.031Z  INFO 44 --- [spring_react] [main] com.zaxxer.hikari.HikariDataSource       : HikariPool-1 - Start completed.
2024-05-19T21:20:13.040Z  INFO 44 --- [spring_react] [main] o.s.b.a.h2.H2ConsoleAutoConfiguration    : H2 console available at '/h2-ui'. Database available at 'jdbc:h2:file:/data/spreact_db'
2024-05-19T21:20:13.146Z  INFO 44 --- [spring_react] [main] o.hibernate.jpa.internal.util.LogHelper  : HHH000204: Processing PersistenceUnitInfo [name: default]
2024-05-19T21:20:13.203Z  INFO 44 --- [spring_react] [main] org.hibernate.Version                    : HHH000412: Hibernate ORM core version 6.4.4.Final
2024-05-19T21:20:13.236Z  INFO 44 --- [spring_react] [main] o.h.c.internal.RegionFactoryInitiator    : HHH000026: Second-level cache disabled
2024-05-19T21:20:13.416Z  INFO 44 --- [spring_react] [main] o.s.o.j.p.SpringPersistenceUnitInfo      : No LoadTimeWeaver setup: ignoring JPA class transformer
2024-05-19T21:20:13.450Z  WARN 44 --- [spring_react] [main] org.hibernate.orm.deprecation            : HHH90000025: H2Dialect does not need to be specified explicitly using 'hibernate.dialect' (remove the property setting and it will be selected by default)
2024-05-19T21:20:14.229Z  INFO 44 --- [spring_react] [main] o.h.e.t.j.p.i.JtaPlatformInitiator       : HHH000489: No JTA platform available (set 'hibernate.transaction.jta.platform' to enable JTA platform integration)
2024-05-19T21:20:14.310Z  INFO 44 --- [spring_react] [main] j.LocalContainerEntityManagerFactoryBean : Initialized JPA EntityManagerFactory for persistence unit 'default'
2024-05-19T21:20:14.719Z  WARN 44 --- [spring_react] [main] JpaBaseConfiguration$JpaWebConfiguration : spring.jpa.open-in-view is enabled by default. Therefore, database queries may be performed during view rendering. Explicitly configure spring.jpa.open-in-view to disable this warning
2024-05-19T21:20:14.947Z  INFO 44 --- [spring_react] [main] o.s.s.web.DefaultSecurityFilterChain     : Will secure any request with [org.springframework.security.web.session.DisableEncodeUrlFilter@288915a1, org.springframework.security.web.context.request.async.WebAsyncManagerIntegrationFilter@62a6a47e, org.springframework.security.web.context.SecurityContextHolderFilter@40b958c5, org.springframework.security.web.header.HeaderWriterFilter@6e4bccc, org.springframework.web.filter.CorsFilter@4645a575, org.springframework.security.web.authentication.logout.LogoutFilter@34a99d8, com.tutorials.spring_react.security.AuthTokenFilter@1221d607, org.springframework.security.web.savedrequest.RequestCacheAwareFilter@74ab8610, org.springframework.security.web.servletapi.SecurityContextHolderAwareRequestFilter@231c521e, org.springframework.security.web.authentication.AnonymousAuthenticationFilter@b332eda, org.springframework.security.web.session.SessionManagementFilter@17554316, org.springframework.security.web.access.ExceptionTranslationFilter@2d568cff, org.springframework.security.web.access.intercept.AuthorizationFilter@27adb90f]
2024-05-19T21:20:15.155Z  INFO 44 --- [spring_react] [main] o.s.b.w.embedded.tomcat.TomcatWebServer  : Tomcat started on port 8080 (http) with context path ''
2024-05-19T21:20:15.163Z  INFO 44 --- [spring_react] [main] c.t.spring_react.SpringReactApplication  : Started SpringReactApplication in 3.785 seconds (process running for 4.039)
2024-05-19T21:20:32.420Z  INFO 44 --- [spring_react] [http-nio-8080-exec-2] o.a.c.c.C.[Tomcat].[localhost].[/]       : Initializing Spring DispatcherServlet 'dispatcherServlet'
2024-05-19T21:20:32.421Z  INFO 44 --- [spring_react] [http-nio-8080-exec-2] o.s.web.servlet.DispatcherServlet        : Initializing Servlet 'dispatcherServlet'
2024-05-19T21:20:32.422Z  INFO 44 --- [spring_react] [http-nio-8080-exec-2] o.s.web.servlet.DispatcherServlet        : Completed initialization in 1 ms
2024-05-19T21:21:36.634Z  INFO 44 --- [spring_react] [SpringApplicationShutdownHook] j.LocalContainerEntityManagerFactoryBean : Closing JPA EntityManagerFactory for persistence unit 'default'
2024-05-19T21:21:36.636Z  INFO 44 --- [spring_react] [SpringApplicationShutdownHook] com.zaxxer.hikari.HikariDataSource       : HikariPool-1 - Shutdown initiated...
2024-05-19T21:21:36.638Z  INFO 44 --- [spring_react] [SpringApplicationShutdownHook] com.zaxxer.hikari.HikariDataSource       : HikariPool-1 - Shutdown completed.
2024-05-19T21:21:42.601Z  INFO 43 --- [spring_react] [main] c.t.spring_react.SpringReactApplication  : Starting SpringReactApplication using Java 17.0.11 with PID 43 (/app-spring/target/classes started by root in /app-spring)
2024-05-19T21:21:42.603Z  INFO 43 --- [spring_react] [main] c.t.spring_react.SpringReactApplication  : No active profile set, falling back to 1 default profile: "default"
2024-05-19T21:21:43.106Z  INFO 43 --- [spring_react] [main] .s.d.r.c.RepositoryConfigurationDelegate : Bootstrapping Spring Data JPA repositories in DEFAULT mode.
2024-05-19T21:21:43.153Z  INFO 43 --- [spring_react] [main] .s.d.r.c.RepositoryConfigurationDelegate : Finished Spring Data repository scanning in 40 ms. Found 2 JPA repository interfaces.
2024-05-19T21:21:43.627Z  INFO 43 --- [spring_react] [main] o.s.b.w.embedded.tomcat.TomcatWebServer  : Tomcat initialized with port 8080 (http)
2024-05-19T21:21:43.636Z  INFO 43 --- [spring_react] [main] o.apache.catalina.core.StandardService   : Starting service [Tomcat]
2024-05-19T21:21:43.636Z  INFO 43 --- [spring_react] [main] o.apache.catalina.core.StandardEngine    : Starting Servlet engine: [Apache Tomcat/10.1.20]
2024-05-19T21:21:43.675Z  INFO 43 --- [spring_react] [main] o.a.c.c.C.[Tomcat].[localhost].[/]       : Initializing Spring embedded WebApplicationContext
2024-05-19T21:21:43.675Z  INFO 43 --- [spring_react] [main] w.s.c.ServletWebServerApplicationContext : Root WebApplicationContext: initialization completed in 1032 ms
2024-05-19T21:21:43.702Z  INFO 43 --- [spring_react] [main] com.zaxxer.hikari.HikariDataSource       : HikariPool-1 - Starting...
2024-05-19T21:21:43.866Z  INFO 43 --- [spring_react] [main] com.zaxxer.hikari.pool.HikariPool        : HikariPool-1 - Added connection conn0: url=jdbc:h2:file:/data/spreact_db user=ADMIN
2024-05-19T21:21:43.868Z  INFO 43 --- [spring_react] [main] com.zaxxer.hikari.HikariDataSource       : HikariPool-1 - Start completed.
2024-05-19T21:21:43.878Z  INFO 43 --- [spring_react] [main] o.s.b.a.h2.H2ConsoleAutoConfiguration    : H2 console available at '/h2-ui'. Database available at 'jdbc:h2:file:/data/spreact_db'
2024-05-19T21:21:43.956Z  INFO 43 --- [spring_react] [main] o.hibernate.jpa.internal.util.LogHelper  : HHH000204: Processing PersistenceUnitInfo [name: default]
2024-05-19T21:21:44.006Z  INFO 43 --- [spring_react] [main] org.hibernate.Version                    : HHH000412: Hibernate ORM core version 6.4.4.Final
2024-05-19T21:21:44.031Z  INFO 43 --- [spring_react] [main] o.h.c.internal.RegionFactoryInitiator    : HHH000026: Second-level cache disabled
2024-05-19T21:21:44.202Z  INFO 43 --- [spring_react] [main] o.s.o.j.p.SpringPersistenceUnitInfo      : No LoadTimeWeaver setup: ignoring JPA class transformer
2024-05-19T21:21:44.234Z  WARN 43 --- [spring_react] [main] org.hibernate.orm.deprecation            : HHH90000025: H2Dialect does not need to be specified explicitly using 'hibernate.dialect' (remove the property setting and it will be selected by default)
2024-05-19T21:21:44.953Z  INFO 43 --- [spring_react] [main] o.h.e.t.j.p.i.JtaPlatformInitiator       : HHH000489: No JTA platform available (set 'hibernate.transaction.jta.platform' to enable JTA platform integration)
2024-05-19T21:21:45.004Z  INFO 43 --- [spring_react] [main] j.LocalContainerEntityManagerFactoryBean : Initialized JPA EntityManagerFactory for persistence unit 'default'
2024-05-19T21:21:45.380Z  WARN 43 --- [spring_react] [main] JpaBaseConfiguration$JpaWebConfiguration : spring.jpa.open-in-view is enabled by default. Therefore, database queries may be performed during view rendering. Explicitly configure spring.jpa.open-in-view to disable this warning
2024-05-19T21:21:45.637Z  INFO 43 --- [spring_react] [main] o.s.s.web.DefaultSecurityFilterChain     : Will secure any request with [org.springframework.security.web.session.DisableEncodeUrlFilter@1fd77205, org.springframework.security.web.context.request.async.WebAsyncManagerIntegrationFilter@3b9c05f, org.springframework.security.web.context.SecurityContextHolderFilter@518b0c12, org.springframework.security.web.header.HeaderWriterFilter@2d568cff, org.springframework.web.filter.CorsFilter@288915a1, org.springframework.security.web.authentication.logout.LogoutFilter@215f8d7, com.tutorials.spring_react.security.AuthTokenFilter@5d957cf0, org.springframework.security.web.savedrequest.RequestCacheAwareFilter@40b958c5, org.springframework.security.web.servletapi.SecurityContextHolderAwareRequestFilter@7d49fe37, org.springframework.security.web.authentication.AnonymousAuthenticationFilter@62a6a47e, org.springframework.security.web.session.SessionManagementFilter@749ffdc7, org.springframework.security.web.access.ExceptionTranslationFilter@5f01361e, org.springframework.security.web.access.intercept.AuthorizationFilter@52a9db63]
2024-05-19T21:21:45.853Z  INFO 43 --- [spring_react] [main] o.s.b.w.embedded.tomcat.TomcatWebServer  : Tomcat started on port 8080 (http) with context path ''
2024-05-19T21:21:45.861Z  INFO 43 --- [spring_react] [main] c.t.spring_react.SpringReactApplication  : Started SpringReactApplication in 3.585 seconds (process running for 3.831)
2024-05-19T21:21:57.584Z  INFO 43 --- [spring_react] [http-nio-8080-exec-1] o.a.c.c.C.[Tomcat].[localhost].[/]       : Initializing Spring DispatcherServlet 'dispatcherServlet'
2024-05-19T21:21:57.584Z  INFO 43 --- [spring_react] [http-nio-8080-exec-1] o.s.web.servlet.DispatcherServlet        : Initializing Servlet 'dispatcherServlet'
2024-05-19T21:21:57.585Z  INFO 43 --- [spring_react] [http-nio-8080-exec-1] o.s.web.servlet.DispatcherServlet        : Completed initialization in 1 ms
